<?xml version="1.0" encoding="UTF-8"?>
<testng-results ignored="0" total="1" passed="1" failed="0" skipped="0">
  <reporter-output>
  </reporter-output>
  <suite started-at="2024-10-19T18:33:12 SGT" name="Default suite" finished-at="2024-10-19T18:33:33 SGT" duration-ms="20993">
    <groups>
    </groups>
    <test started-at="2024-10-19T18:33:12 SGT" name="Default test" finished-at="2024-10-19T18:33:33 SGT" duration-ms="20993">
      <class name="learning.DeleteContactAssociatedWithCampaign">
        <test-method signature="createAccount()[pri:0, instance:learning.DeleteContactAssociatedWithCampaign@57af006c]" started-at="2024-10-19T18:33:12 SGT" name="createAccount" finished-at="2024-10-19T18:33:33 SGT" duration-ms="20974" status="PASS">
          <reporter-output>
          </reporter-output>
        </test-method> <!-- createAccount -->
      </class> <!-- learning.DeleteContactAssociatedWithCampaign -->
    </test> <!-- Default test -->
  </suite> <!-- Default suite -->
</testng-results>
