<?xml version="1.0" encoding="UTF-8"?>
<testng-results ignored="0" total="1" passed="1" failed="0" skipped="0">
  <reporter-output>
  </reporter-output>
  <suite started-at="2024-10-19T15:46:08 SGT" name="Default suite" finished-at="2024-10-19T15:46:26 SGT" duration-ms="17816">
    <groups>
    </groups>
    <test started-at="2024-10-19T15:46:08 SGT" name="Default test" finished-at="2024-10-19T15:46:26 SGT" duration-ms="17816">
      <class name="learning.CreateOpportunity">
        <test-method signature="createAccount()[pri:0, instance:learning.CreateOpportunity@57af006c]" started-at="2024-10-19T15:46:08 SGT" name="createAccount" finished-at="2024-10-19T15:46:26 SGT" duration-ms="17790" status="PASS">
          <reporter-output>
          </reporter-output>
        </test-method> <!-- createAccount -->
      </class> <!-- learning.CreateOpportunity -->
    </test> <!-- Default test -->
  </suite> <!-- Default suite -->
</testng-results>
